  [1m[35m (22.1ms)[0m  [1m[35mCREATE TABLE "schema_migrations" ("version" varchar NOT NULL PRIMARY KEY)[0m
  [1m[35m (20.2ms)[0m  [1m[35mCREATE TABLE "ar_internal_metadata" ("key" varchar NOT NULL PRIMARY KEY, "value" varchar, "created_at" datetime(6) NOT NULL, "updated_at" datetime(6) NOT NULL)[0m
  [1m[36mActiveRecord::SchemaMigration Pluck (0.9ms)[0m  [1m[34mSELECT "schema_migrations"."version" FROM "schema_migrations" ORDER BY "schema_migrations"."version" ASC[0m
Migrating to CreateUsers (20230824183150)
  [1m[36mTRANSACTION (0.4ms)[0m  [1m[36mbegin transaction[0m
  [1m[35m (2.3ms)[0m  [1m[35mCREATE TABLE "users" ("id" integer PRIMARY KEY AUTOINCREMENT NOT NULL, "name" varchar, "email" varchar, "created_at" datetime(6) NOT NULL, "updated_at" datetime(6) NOT NULL)[0m
  [1m[36mActiveRecord::SchemaMigration Create (1.3ms)[0m  [1m[32mINSERT INTO "schema_migrations" ("version") VALUES (?)[0m  [["version", "20230824183150"]]
  [1m[36mTRANSACTION (25.0ms)[0m  [1m[36mcommit transaction[0m
  [1m[36mActiveRecord::InternalMetadata Load (5.4ms)[0m  [1m[34mSELECT "ar_internal_metadata".* FROM "ar_internal_metadata" WHERE "ar_internal_metadata"."key" = ? LIMIT ?[0m  [["key", "environment"], ["LIMIT", 1]]
  [1m[36mTRANSACTION (0.3ms)[0m  [1m[36mbegin transaction[0m
  [1m[36mActiveRecord::InternalMetadata Create (1.1ms)[0m  [1m[32mINSERT INTO "ar_internal_metadata" ("key", "value", "created_at", "updated_at") VALUES (?, ?, ?, ?)[0m  [["key", "environment"], ["value", "development"], ["created_at", "2023-08-24 18:36:59.470646"], ["updated_at", "2023-08-24 18:36:59.470646"]]
  [1m[36mTRANSACTION (15.0ms)[0m  [1m[36mcommit transaction[0m
  [1m[36mActiveRecord::SchemaMigration Pluck (0.7ms)[0m  [1m[34mSELECT "schema_migrations"."version" FROM "schema_migrations" ORDER BY "schema_migrations"."version" ASC[0m
Started GET "/" for 127.0.0.1 at 2023-08-24 15:38:37 -0300
  [1m[36mActiveRecord::SchemaMigration Pluck (0.7ms)[0m  [1m[34mSELECT "schema_migrations"."version" FROM "schema_migrations" ORDER BY "schema_migrations"."version" ASC[0m
Processing by Rails::WelcomeController#index as HTML
  Rendering /home/linux/.rbenv/versions/3.1.4/lib/ruby/gems/3.1.0/gems/railties-7.0.7.2/lib/rails/templates/rails/welcome/index.html.erb
  Rendered /home/linux/.rbenv/versions/3.1.4/lib/ruby/gems/3.1.0/gems/railties-7.0.7.2/lib/rails/templates/rails/welcome/index.html.erb (Duration: 8.8ms | Allocations: 635)
Completed 200 OK in 118ms (Views: 35.1ms | ActiveRecord: 0.0ms | Allocations: 7107)


Started GET "/rails/route" for 127.0.0.1 at 2023-08-24 15:44:07 -0300
  
ActionController::RoutingError (No route matches [GET] "/rails/route"):
  
Started GET "/rails/info/route" for 127.0.0.1 at 2023-08-24 15:44:59 -0300
  
ActionController::RoutingError (No route matches [GET] "/rails/info/route"):
  
Started GET "/users" for 127.0.0.1 at 2023-08-24 15:50:07 -0300
Processing by UsersController#index as HTML
  Rendering layout layouts/application.html.erb
  Rendering users/index.html.erb within layouts/application
  [1m[36mUser Load (2.0ms)[0m  [1m[34mSELECT "users".* FROM "users"[0m
  ↳ app/views/users/index.html.erb:6
  Rendered users/index.html.erb within layouts/application (Duration: 31.7ms | Allocations: 1398)
  Rendered layout layouts/application.html.erb (Duration: 2854.6ms | Allocations: 105023)
Completed 200 OK in 2896ms (Views: 2868.1ms | ActiveRecord: 4.8ms | Allocations: 106913)


Started GET "/users/new" for 127.0.0.1 at 2023-08-24 15:52:54 -0300
Processing by UsersController#new as HTML
  Rendering layout layouts/application.html.erb
  Rendering users/new.html.erb within layouts/application
  Rendered users/_form.html.erb (Duration: 27.8ms | Allocations: 2485)
  Rendered users/new.html.erb within layouts/application (Duration: 31.5ms | Allocations: 2820)
  Rendered layout layouts/application.html.erb (Duration: 43.9ms | Allocations: 5768)
Completed 200 OK in 106ms (Views: 46.1ms | ActiveRecord: 1.9ms | Allocations: 12211)


Started POST "/users" for 127.0.0.1 at 2023-08-24 15:53:10 -0300
Processing by UsersController#create as TURBO_STREAM
  Parameters: {"authenticity_token"=>"[FILTERED]", "user"=>{"name"=>"Angelo", "email"=>"angeloafdesouza@gmail.com"}, "commit"=>"Create User"}
  [1m[36mTRANSACTION (0.2ms)[0m  [1m[36mbegin transaction[0m
  ↳ app/controllers/users_controller.rb:27:in `block in create'
  [1m[36mUser Create (2.0ms)[0m  [1m[32mINSERT INTO "users" ("name", "email", "created_at", "updated_at") VALUES (?, ?, ?, ?)[0m  [["name", "Angelo"], ["email", "angeloafdesouza@gmail.com"], ["created_at", "2023-08-24 18:53:10.212817"], ["updated_at", "2023-08-24 18:53:10.212817"]]
  ↳ app/controllers/users_controller.rb:27:in `block in create'
  [1m[36mTRANSACTION (15.5ms)[0m  [1m[36mcommit transaction[0m
  ↳ app/controllers/users_controller.rb:27:in `block in create'
Redirected to http://127.0.0.1:3000/users/1
Completed 302 Found in 39ms (ActiveRecord: 17.7ms | Allocations: 3821)


Started GET "/users/1" for 127.0.0.1 at 2023-08-24 15:53:10 -0300
Processing by UsersController#show as TURBO_STREAM
  Parameters: {"id"=>"1"}
  [1m[36mUser Load (0.6ms)[0m  [1m[34mSELECT "users".* FROM "users" WHERE "users"."id" = ? LIMIT ?[0m  [["id", 1], ["LIMIT", 1]]
  ↳ app/controllers/users_controller.rb:63:in `set_user'
  Rendering layout layouts/application.html.erb
  Rendering users/show.html.erb within layouts/application
  Rendered users/_user.html.erb (Duration: 2.4ms | Allocations: 228)
  Rendered users/show.html.erb within layouts/application (Duration: 15.1ms | Allocations: 1591)
  Rendered layout layouts/application.html.erb (Duration: 28.4ms | Allocations: 4539)
Completed 200 OK in 44ms (Views: 30.3ms | ActiveRecord: 0.6ms | Allocations: 7358)


Started GET "/users" for 127.0.0.1 at 2023-08-24 15:53:25 -0300
Processing by UsersController#index as HTML
  Rendering layout layouts/application.html.erb
  Rendering users/index.html.erb within layouts/application
  [1m[36mUser Load (0.6ms)[0m  [1m[34mSELECT "users".* FROM "users"[0m
  ↳ app/views/users/index.html.erb:6
  Rendered users/_user.html.erb (Duration: 0.4ms | Allocations: 20)
  Rendered users/index.html.erb within layouts/application (Duration: 14.6ms | Allocations: 995)
  Rendered layout layouts/application.html.erb (Duration: 46.7ms | Allocations: 3825)
Completed 200 OK in 55ms (Views: 50.6ms | ActiveRecord: 0.6ms | Allocations: 4136)


Started GET "/users/1" for 127.0.0.1 at 2023-08-24 15:53:29 -0300
Processing by UsersController#show as HTML
  Parameters: {"id"=>"1"}
  [1m[36mUser Load (0.6ms)[0m  [1m[34mSELECT "users".* FROM "users" WHERE "users"."id" = ? LIMIT ?[0m  [["id", 1], ["LIMIT", 1]]
  ↳ app/controllers/users_controller.rb:63:in `set_user'
  Rendering layout layouts/application.html.erb
  Rendering users/show.html.erb within layouts/application
  Rendered users/_user.html.erb (Duration: 0.5ms | Allocations: 20)
  Rendered users/show.html.erb within layouts/application (Duration: 9.4ms | Allocations: 552)
  Rendered layout layouts/application.html.erb (Duration: 36.2ms | Allocations: 3372)
Completed 200 OK in 52ms (Views: 43.8ms | ActiveRecord: 0.6ms | Allocations: 4132)


Started GET "/users" for 127.0.0.1 at 2023-08-24 15:53:31 -0300
Processing by UsersController#index as HTML
  Rendering layout layouts/application.html.erb
  Rendering users/index.html.erb within layouts/application
  [1m[36mUser Load (0.5ms)[0m  [1m[34mSELECT "users".* FROM "users"[0m
  ↳ app/views/users/index.html.erb:6
  Rendered users/_user.html.erb (Duration: 0.4ms | Allocations: 20)
  Rendered users/index.html.erb within layouts/application (Duration: 16.1ms | Allocations: 893)
  Rendered layout layouts/application.html.erb (Duration: 46.3ms | Allocations: 3722)
Completed 200 OK in 60ms (Views: 50.4ms | ActiveRecord: 0.5ms | Allocations: 4003)


Started GET "/users" for 127.0.0.1 at 2023-08-24 15:53:35 -0300
Processing by UsersController#index as HTML
  Rendering layout layouts/application.html.erb
  Rendering users/index.html.erb within layouts/application
  [1m[36mUser Load (0.8ms)[0m  [1m[34mSELECT "users".* FROM "users"[0m
  ↳ app/views/users/index.html.erb:6
  Rendered users/_user.html.erb (Duration: 0.3ms | Allocations: 20)
  Rendered users/index.html.erb within layouts/application (Duration: 10.7ms | Allocations: 782)
  Rendered layout layouts/application.html.erb (Duration: 29.8ms | Allocations: 3626)
Completed 200 OK in 37ms (Views: 34.3ms | ActiveRecord: 0.8ms | Allocations: 3897)


Started GET "/users" for 127.0.0.1 at 2023-08-24 15:58:36 -0300
Processing by UsersController#index as HTML
  Rendering layout layouts/application.html.erb
  Rendering users/index.html.erb within layouts/application
  [1m[36mUser Load (0.9ms)[0m  [1m[34mSELECT "users".* FROM "users"[0m
  ↳ app/views/users/index.html.erb:6
  Rendered users/_user.html.erb (Duration: 0.6ms | Allocations: 43)
  Rendered users/index.html.erb within layouts/application (Duration: 26.4ms | Allocations: 3012)
  Rendered layout layouts/application.html.erb (Duration: 116.7ms | Allocations: 21204)
Completed 200 OK in 129ms (Views: 116.2ms | ActiveRecord: 4.4ms | Allocations: 22571)


Started GET "/rails/info/route" for 127.0.0.1 at 2023-08-24 15:59:06 -0300
  
ActionController::RoutingError (No route matches [GET] "/rails/info/route"):
  
Started GET "/usuarios" for 127.0.0.1 at 2023-08-24 16:00:01 -0300
Processing by UsersController#index as HTML
  Rendering layout layouts/application.html.erb
  Rendering users/index.html.erb within layouts/application
  [1m[36mUser Load (0.4ms)[0m  [1m[34mSELECT "users".* FROM "users"[0m
  ↳ app/views/users/index.html.erb:6
  Rendered users/_user.html.erb (Duration: 0.4ms | Allocations: 20)
  Rendered users/index.html.erb within layouts/application (Duration: 7.3ms | Allocations: 897)
  Rendered layout layouts/application.html.erb (Duration: 29.3ms | Allocations: 3729)
Completed 200 OK in 33ms (Views: 31.4ms | ActiveRecord: 0.4ms | Allocations: 4022)


Started GET "/usuarios" for 127.0.0.1 at 2023-08-24 16:00:06 -0300
Processing by UsersController#index as HTML
  Rendering layout layouts/application.html.erb
  Rendering users/index.html.erb within layouts/application
  [1m[36mUser Load (0.3ms)[0m  [1m[34mSELECT "users".* FROM "users"[0m
  ↳ app/views/users/index.html.erb:6
  Rendered users/_user.html.erb (Duration: 0.6ms | Allocations: 20)
  Rendered users/index.html.erb within layouts/application (Duration: 9.8ms | Allocations: 888)
  Rendered layout layouts/application.html.erb (Duration: 24.8ms | Allocations: 3716)
Completed 200 OK in 29ms (Views: 27.3ms | ActiveRecord: 0.3ms | Allocations: 3987)


Started GET "/" for 127.0.0.1 at 2023-08-24 16:00:12 -0300
Processing by Rails::WelcomeController#index as HTML
  Rendering /home/linux/.rbenv/versions/3.1.4/lib/ruby/gems/3.1.0/gems/railties-7.0.7.2/lib/rails/templates/rails/welcome/index.html.erb
  Rendered /home/linux/.rbenv/versions/3.1.4/lib/ruby/gems/3.1.0/gems/railties-7.0.7.2/lib/rails/templates/rails/welcome/index.html.erb (Duration: 4.7ms | Allocations: 294)
Completed 200 OK in 15ms (Views: 11.1ms | ActiveRecord: 0.0ms | Allocations: 949)


Started GET "/usuarios" for 127.0.0.1 at 2023-08-24 16:00:17 -0300
Processing by UsersController#index as HTML
  Rendering layout layouts/application.html.erb
  Rendering users/index.html.erb within layouts/application
  [1m[36mUser Load (0.5ms)[0m  [1m[34mSELECT "users".* FROM "users"[0m
  ↳ app/views/users/index.html.erb:6
  Rendered users/_user.html.erb (Duration: 0.4ms | Allocations: 24)
  Rendered users/index.html.erb within layouts/application (Duration: 14.5ms | Allocations: 1063)
  Rendered layout layouts/application.html.erb (Duration: 38.5ms | Allocations: 4012)
Completed 200 OK in 43ms (Views: 40.5ms | ActiveRecord: 0.5ms | Allocations: 4307)


Started GET "/usuarios" for 127.0.0.1 at 2023-08-24 16:01:03 -0300
Processing by UsersController#index as HTML
  Rendering layout layouts/application.html.erb
  Rendering users/index.html.erb within layouts/application
  [1m[36mUser Load (0.3ms)[0m  [1m[34mSELECT "users".* FROM "users"[0m
  ↳ app/views/users/index.html.erb:6
  Rendered users/_user.html.erb (Duration: 1.8ms | Allocations: 178)
  Rendered users/index.html.erb within layouts/application (Duration: 14.9ms | Allocations: 1569)
  Rendered layout layouts/application.html.erb (Duration: 44.7ms | Allocations: 4796)
Completed 200 OK in 58ms (Views: 52.9ms | ActiveRecord: 0.3ms | Allocations: 5754)


